2024/03/21 16:55:57 项目启动
2024/03/21 16:56:00 数据库连接成功
2024/03/21 16:56:03 authHeader: eyJhbGciOiJIUzI1NiIsInR5cCI6IkpXVCJ9.eyJ1c2VybmFtZSI6InVzZXIiLCJ1c2VyX2lkIjowLCJpc3MiOiI0MDnlrr_oiI3nmoTnsr7oh7TnmoTnu7zlkIjpobnnm64iLCJleHAiOjE3MTEwOTY2NDgsImlhdCI6MTcxMTAxMDI0OH0.-wrX1hKAS_CeDqBtovChUlpDR8SCxZ0wWdqy6-jvH7w
2024/03/21 16:56:03 authHeader: eyJhbGciOiJIUzI1NiIsInR5cCI6IkpXVCJ9.eyJ1c2VybmFtZSI6InVzZXIiLCJ1c2VyX2lkIjowLCJpc3MiOiI0MDnlrr_oiI3nmoTnsr7oh7TnmoTnu7zlkIjpobnnm64iLCJleHAiOjE3MTEwOTY2NDgsImlhdCI6MTcxMTAxMDI0OH0.-wrX1hKAS_CeDqBtovChUlpDR8SCxZ0wWdqy6-jvH7w
2024/03/21 16:56:28 authHeader: eyJhbGciOiJIUzI1NiIsInR5cCI6IkpXVCJ9.eyJ1c2VybmFtZSI6InVzZXIiLCJ1c2VyX2lkIjowLCJpc3MiOiI0MDnlrr_oiI3nmoTnsr7oh7TnmoTnu7zlkIjpobnnm64iLCJleHAiOjE3MTEwOTY2NDgsImlhdCI6MTcxMTAxMDI0OH0.-wrX1hKAS_CeDqBtovChUlpDR8SCxZ0wWdqy6-jvH7w
2024/03/21 16:56:48 authHeader: eyJhbGciOiJIUzI1NiIsInR5cCI6IkpXVCJ9.eyJ1c2VybmFtZSI6InVzZXIiLCJ1c2VyX2lkIjowLCJpc3MiOiI0MDnlrr_oiI3nmoTnsr7oh7TnmoTnu7zlkIjpobnnm64iLCJleHAiOjE3MTEwOTY2NDgsImlhdCI6MTcxMTAxMDI0OH0.-wrX1hKAS_CeDqBtovChUlpDR8SCxZ0wWdqy6-jvH7w
2024/03/21 16:56:52 authHeader: eyJhbGciOiJIUzI1NiIsInR5cCI6IkpXVCJ9.eyJ1c2VybmFtZSI6InVzZXIiLCJ1c2VyX2lkIjowLCJpc3MiOiI0MDnlrr_oiI3nmoTnsr7oh7TnmoTnu7zlkIjpobnnm64iLCJleHAiOjE3MTEwOTY2NDgsImlhdCI6MTcxMTAxMDI0OH0.-wrX1hKAS_CeDqBtovChUlpDR8SCxZ0wWdqy6-jvH7w
2024/03/21 17:03:21 项目启动
2024/03/21 17:03:24 数据库连接成功
2024/03/21 17:03:31 authHeader: eyJhbGciOiJIUzI1NiIsInR5cCI6IkpXVCJ9.eyJ1c2VybmFtZSI6InVzZXIiLCJ1c2VyX2lkIjowLCJpc3MiOiI0MDnlrr_oiI3nmoTnsr7oh7TnmoTnu7zlkIjpobnnm64iLCJleHAiOjE3MTEwOTY2NDgsImlhdCI6MTcxMTAxMDI0OH0.-wrX1hKAS_CeDqBtovChUlpDR8SCxZ0wWdqy6-jvH7w
2024/03/21 17:03:38 authHeader: eyJhbGciOiJIUzI1NiIsInR5cCI6IkpXVCJ9.eyJ1c2VybmFtZSI6InVzZXIiLCJ1c2VyX2lkIjowLCJpc3MiOiI0MDnlrr_oiI3nmoTnsr7oh7TnmoTnu7zlkIjpobnnm64iLCJleHAiOjE3MTEwOTY2NDgsImlhdCI6MTcxMTAxMDI0OH0.-wrX1hKAS_CeDqBtovChUlpDR8SCxZ0wWdqy6-jvH7w
2024/03/21 17:04:20 项目启动
2024/03/21 17:04:23 数据库连接成功
2024/03/21 17:04:25 authHeader: eyJhbGciOiJIUzI1NiIsInR5cCI6IkpXVCJ9.eyJ1c2VybmFtZSI6InVzZXIiLCJ1c2VyX2lkIjowLCJpc3MiOiI0MDnlrr_oiI3nmoTnsr7oh7TnmoTnu7zlkIjpobnnm64iLCJleHAiOjE3MTEwOTY2NDgsImlhdCI6MTcxMTAxMDI0OH0.-wrX1hKAS_CeDqBtovChUlpDR8SCxZ0wWdqy6-jvH7w
2024/03/21 17:04:27 authHeader: eyJhbGciOiJIUzI1NiIsInR5cCI6IkpXVCJ9.eyJ1c2VybmFtZSI6InVzZXIiLCJ1c2VyX2lkIjowLCJpc3MiOiI0MDnlrr_oiI3nmoTnsr7oh7TnmoTnu7zlkIjpobnnm64iLCJleHAiOjE3MTEwOTY2NDgsImlhdCI6MTcxMTAxMDI0OH0.-wrX1hKAS_CeDqBtovChUlpDR8SCxZ0wWdqy6-jvH7w
2024/03/21 17:09:08 项目启动
2024/03/21 17:09:11 数据库连接成功
2024/03/21 17:09:17 authHeader: eyJhbGciOiJIUzI1NiIsInR5cCI6IkpXVCJ9.eyJ1c2VybmFtZSI6InVzZXIiLCJ1c2VyX2lkIjowLCJpc3MiOiI0MDnlrr_oiI3nmoTnsr7oh7TnmoTnu7zlkIjpobnnm64iLCJleHAiOjE3MTEwOTY2NDgsImlhdCI6MTcxMTAxMDI0OH0.-wrX1hKAS_CeDqBtovChUlpDR8SCxZ0wWdqy6-jvH7w
2024/03/21 17:09:17 authHeader: eyJhbGciOiJIUzI1NiIsInR5cCI6IkpXVCJ9.eyJ1c2VybmFtZSI6InVzZXIiLCJ1c2VyX2lkIjowLCJpc3MiOiI0MDnlrr_oiI3nmoTnsr7oh7TnmoTnu7zlkIjpobnnm64iLCJleHAiOjE3MTEwOTY2NDgsImlhdCI6MTcxMTAxMDI0OH0.-wrX1hKAS_CeDqBtovChUlpDR8SCxZ0wWdqy6-jvH7w
2024/03/21 17:09:18 authHeader: eyJhbGciOiJIUzI1NiIsInR5cCI6IkpXVCJ9.eyJ1c2VybmFtZSI6InVzZXIiLCJ1c2VyX2lkIjowLCJpc3MiOiI0MDnlrr_oiI3nmoTnsr7oh7TnmoTnu7zlkIjpobnnm64iLCJleHAiOjE3MTEwOTY2NDgsImlhdCI6MTcxMTAxMDI0OH0.-wrX1hKAS_CeDqBtovChUlpDR8SCxZ0wWdqy6-jvH7w
2024/03/21 17:09:18 authHeader: eyJhbGciOiJIUzI1NiIsInR5cCI6IkpXVCJ9.eyJ1c2VybmFtZSI6InVzZXIiLCJ1c2VyX2lkIjowLCJpc3MiOiI0MDnlrr_oiI3nmoTnsr7oh7TnmoTnu7zlkIjpobnnm64iLCJleHAiOjE3MTEwOTY2NDgsImlhdCI6MTcxMTAxMDI0OH0.-wrX1hKAS_CeDqBtovChUlpDR8SCxZ0wWdqy6-jvH7w
2024/03/21 17:09:51 authHeader: eyJhbGciOiJIUzI1NiIsInR5cCI6IkpXVCJ9.eyJ1c2VybmFtZSI6InVzZXIiLCJ1c2VyX2lkIjowLCJpc3MiOiI0MDnlrr_oiI3nmoTnsr7oh7TnmoTnu7zlkIjpobnnm64iLCJleHAiOjE3MTEwOTY2NDgsImlhdCI6MTcxMTAxMDI0OH0.-wrX1hKAS_CeDqBtovChUlpDR8SCxZ0wWdqy6-jvH7w
2024/03/21 17:17:34 项目启动
2024/03/21 17:17:37 数据库连接成功
2024/03/21 17:17:41 authHeader: eyJhbGciOiJIUzI1NiIsInR5cCI6IkpXVCJ9.eyJ1c2VybmFtZSI6InVzZXIiLCJ1c2VyX2lkIjowLCJpc3MiOiI0MDnlrr_oiI3nmoTnsr7oh7TnmoTnu7zlkIjpobnnm64iLCJleHAiOjE3MTEwOTY2NDgsImlhdCI6MTcxMTAxMDI0OH0.-wrX1hKAS_CeDqBtovChUlpDR8SCxZ0wWdqy6-jvH7w
2024/03/21 17:17:50 authHeader: eyJhbGciOiJIUzI1NiIsInR5cCI6IkpXVCJ9.eyJ1c2VybmFtZSI6InVzZXIiLCJ1c2VyX2lkIjowLCJpc3MiOiI0MDnlrr_oiI3nmoTnsr7oh7TnmoTnu7zlkIjpobnnm64iLCJleHAiOjE3MTEwOTY2NDgsImlhdCI6MTcxMTAxMDI0OH0.-wrX1hKAS_CeDqBtovChUlpDR8SCxZ0wWdqy6-jvH7w
2024/03/21 17:18:23 authHeader: eyJhbGciOiJIUzI1NiIsInR5cCI6IkpXVCJ9.eyJ1c2VybmFtZSI6InVzZXIiLCJ1c2VyX2lkIjowLCJpc3MiOiI0MDnlrr_oiI3nmoTnsr7oh7TnmoTnu7zlkIjpobnnm64iLCJleHAiOjE3MTEwOTY2NDgsImlhdCI6MTcxMTAxMDI0OH0.-wrX1hKAS_CeDqBtovChUlpDR8SCxZ0wWdqy6-jvH7w
2024/03/21 17:18:24 authHeader: eyJhbGciOiJIUzI1NiIsInR5cCI6IkpXVCJ9.eyJ1c2VybmFtZSI6InVzZXIiLCJ1c2VyX2lkIjowLCJpc3MiOiI0MDnlrr_oiI3nmoTnsr7oh7TnmoTnu7zlkIjpobnnm64iLCJleHAiOjE3MTEwOTY2NDgsImlhdCI6MTcxMTAxMDI0OH0.-wrX1hKAS_CeDqBtovChUlpDR8SCxZ0wWdqy6-jvH7w
2024/03/21 17:18:24 authHeader: eyJhbGciOiJIUzI1NiIsInR5cCI6IkpXVCJ9.eyJ1c2VybmFtZSI6InVzZXIiLCJ1c2VyX2lkIjowLCJpc3MiOiI0MDnlrr_oiI3nmoTnsr7oh7TnmoTnu7zlkIjpobnnm64iLCJleHAiOjE3MTEwOTY2NDgsImlhdCI6MTcxMTAxMDI0OH0.-wrX1hKAS_CeDqBtovChUlpDR8SCxZ0wWdqy6-jvH7w
2024/03/21 17:18:24 authHeader: eyJhbGciOiJIUzI1NiIsInR5cCI6IkpXVCJ9.eyJ1c2VybmFtZSI6InVzZXIiLCJ1c2VyX2lkIjowLCJpc3MiOiI0MDnlrr_oiI3nmoTnsr7oh7TnmoTnu7zlkIjpobnnm64iLCJleHAiOjE3MTEwOTY2NDgsImlhdCI6MTcxMTAxMDI0OH0.-wrX1hKAS_CeDqBtovChUlpDR8SCxZ0wWdqy6-jvH7w
2024/03/21 17:19:00 项目启动
2024/03/21 17:19:03 数据库连接成功
2024/03/21 17:19:05 authHeader: eyJhbGciOiJIUzI1NiIsInR5cCI6IkpXVCJ9.eyJ1c2VybmFtZSI6InVzZXIiLCJ1c2VyX2lkIjowLCJpc3MiOiI0MDnlrr_oiI3nmoTnsr7oh7TnmoTnu7zlkIjpobnnm64iLCJleHAiOjE3MTEwOTY2NDgsImlhdCI6MTcxMTAxMDI0OH0.-wrX1hKAS_CeDqBtovChUlpDR8SCxZ0wWdqy6-jvH7w
2024/03/21 17:19:10 authHeader: eyJhbGciOiJIUzI1NiIsInR5cCI6IkpXVCJ9.eyJ1c2VybmFtZSI6InVzZXIiLCJ1c2VyX2lkIjowLCJpc3MiOiI0MDnlrr_oiI3nmoTnsr7oh7TnmoTnu7zlkIjpobnnm64iLCJleHAiOjE3MTEwOTY2NDgsImlhdCI6MTcxMTAxMDI0OH0.-wrX1hKAS_CeDqBtovChUlpDR8SCxZ0wWdqy6-jvH7w
2024/03/21 17:19:11 authHeader: eyJhbGciOiJIUzI1NiIsInR5cCI6IkpXVCJ9.eyJ1c2VybmFtZSI6InVzZXIiLCJ1c2VyX2lkIjowLCJpc3MiOiI0MDnlrr_oiI3nmoTnsr7oh7TnmoTnu7zlkIjpobnnm64iLCJleHAiOjE3MTEwOTY2NDgsImlhdCI6MTcxMTAxMDI0OH0.-wrX1hKAS_CeDqBtovChUlpDR8SCxZ0wWdqy6-jvH7w
2024/03/21 17:19:11 authHeader: eyJhbGciOiJIUzI1NiIsInR5cCI6IkpXVCJ9.eyJ1c2VybmFtZSI6InVzZXIiLCJ1c2VyX2lkIjowLCJpc3MiOiI0MDnlrr_oiI3nmoTnsr7oh7TnmoTnu7zlkIjpobnnm64iLCJleHAiOjE3MTEwOTY2NDgsImlhdCI6MTcxMTAxMDI0OH0.-wrX1hKAS_CeDqBtovChUlpDR8SCxZ0wWdqy6-jvH7w
2024/03/21 17:19:11 authHeader: eyJhbGciOiJIUzI1NiIsInR5cCI6IkpXVCJ9.eyJ1c2VybmFtZSI6InVzZXIiLCJ1c2VyX2lkIjowLCJpc3MiOiI0MDnlrr_oiI3nmoTnsr7oh7TnmoTnu7zlkIjpobnnm64iLCJleHAiOjE3MTEwOTY2NDgsImlhdCI6MTcxMTAxMDI0OH0.-wrX1hKAS_CeDqBtovChUlpDR8SCxZ0wWdqy6-jvH7w
2024/03/21 17:19:30 authHeader: eyJhbGciOiJIUzI1NiIsInR5cCI6IkpXVCJ9.eyJ1c2VybmFtZSI6InVzZXIiLCJ1c2VyX2lkIjowLCJpc3MiOiI0MDnlrr_oiI3nmoTnsr7oh7TnmoTnu7zlkIjpobnnm64iLCJleHAiOjE3MTEwOTY2NDgsImlhdCI6MTcxMTAxMDI0OH0.-wrX1hKAS_CeDqBtovChUlpDR8SCxZ0wWdqy6-jvH7w
2024/03/21 17:19:30 authHeader: eyJhbGciOiJIUzI1NiIsInR5cCI6IkpXVCJ9.eyJ1c2VybmFtZSI6InVzZXIiLCJ1c2VyX2lkIjowLCJpc3MiOiI0MDnlrr_oiI3nmoTnsr7oh7TnmoTnu7zlkIjpobnnm64iLCJleHAiOjE3MTEwOTY2NDgsImlhdCI6MTcxMTAxMDI0OH0.-wrX1hKAS_CeDqBtovChUlpDR8SCxZ0wWdqy6-jvH7w
2024/03/21 17:19:30 authHeader: eyJhbGciOiJIUzI1NiIsInR5cCI6IkpXVCJ9.eyJ1c2VybmFtZSI6InVzZXIiLCJ1c2VyX2lkIjowLCJpc3MiOiI0MDnlrr_oiI3nmoTnsr7oh7TnmoTnu7zlkIjpobnnm64iLCJleHAiOjE3MTEwOTY2NDgsImlhdCI6MTcxMTAxMDI0OH0.-wrX1hKAS_CeDqBtovChUlpDR8SCxZ0wWdqy6-jvH7w
2024/03/21 17:21:01 项目启动
2024/03/21 17:21:03 数据库连接成功
2024/03/21 17:21:07 authHeader: eyJhbGciOiJIUzI1NiIsInR5cCI6IkpXVCJ9.eyJ1c2VybmFtZSI6InVzZXIiLCJ1c2VyX2lkIjowLCJpc3MiOiI0MDnlrr_oiI3nmoTnsr7oh7TnmoTnu7zlkIjpobnnm64iLCJleHAiOjE3MTEwOTY2NDgsImlhdCI6MTcxMTAxMDI0OH0.-wrX1hKAS_CeDqBtovChUlpDR8SCxZ0wWdqy6-jvH7w
2024/03/21 17:21:09 authHeader: eyJhbGciOiJIUzI1NiIsInR5cCI6IkpXVCJ9.eyJ1c2VybmFtZSI6InVzZXIiLCJ1c2VyX2lkIjowLCJpc3MiOiI0MDnlrr_oiI3nmoTnsr7oh7TnmoTnu7zlkIjpobnnm64iLCJleHAiOjE3MTEwOTY2NDgsImlhdCI6MTcxMTAxMDI0OH0.-wrX1hKAS_CeDqBtovChUlpDR8SCxZ0wWdqy6-jvH7w
2024/03/21 17:21:09 authHeader: eyJhbGciOiJIUzI1NiIsInR5cCI6IkpXVCJ9.eyJ1c2VybmFtZSI6InVzZXIiLCJ1c2VyX2lkIjowLCJpc3MiOiI0MDnlrr_oiI3nmoTnsr7oh7TnmoTnu7zlkIjpobnnm64iLCJleHAiOjE3MTEwOTY2NDgsImlhdCI6MTcxMTAxMDI0OH0.-wrX1hKAS_CeDqBtovChUlpDR8SCxZ0wWdqy6-jvH7w
2024/03/21 17:21:09 authHeader: eyJhbGciOiJIUzI1NiIsInR5cCI6IkpXVCJ9.eyJ1c2VybmFtZSI6InVzZXIiLCJ1c2VyX2lkIjowLCJpc3MiOiI0MDnlrr_oiI3nmoTnsr7oh7TnmoTnu7zlkIjpobnnm64iLCJleHAiOjE3MTEwOTY2NDgsImlhdCI6MTcxMTAxMDI0OH0.-wrX1hKAS_CeDqBtovChUlpDR8SCxZ0wWdqy6-jvH7w
2024/03/21 17:21:10 authHeader: eyJhbGciOiJIUzI1NiIsInR5cCI6IkpXVCJ9.eyJ1c2VybmFtZSI6InVzZXIiLCJ1c2VyX2lkIjowLCJpc3MiOiI0MDnlrr_oiI3nmoTnsr7oh7TnmoTnu7zlkIjpobnnm64iLCJleHAiOjE3MTEwOTY2NDgsImlhdCI6MTcxMTAxMDI0OH0.-wrX1hKAS_CeDqBtovChUlpDR8SCxZ0wWdqy6-jvH7w
2024/03/21 17:28:29 项目启动
2024/03/21 17:28:31 数据库连接成功
2024/03/21 17:28:35 authHeader: eyJhbGciOiJIUzI1NiIsInR5cCI6IkpXVCJ9.eyJ1c2VybmFtZSI6InVzZXIiLCJ1c2VyX2lkIjowLCJpc3MiOiI0MDnlrr_oiI3nmoTnsr7oh7TnmoTnu7zlkIjpobnnm64iLCJleHAiOjE3MTEwOTY2NDgsImlhdCI6MTcxMTAxMDI0OH0.-wrX1hKAS_CeDqBtovChUlpDR8SCxZ0wWdqy6-jvH7w
2024/03/21 17:32:05 项目启动
2024/03/21 17:32:07 数据库连接成功
2024/03/21 17:32:26 用户登录成功: user
2024/03/21 17:32:49 authHeader: eyJhbGciOiJIUzI1NiIsInR5cCI6IkpXVCJ9.eyJ1c2VybmFtZSI6InVzZXIiLCJ1c2VyX2lkIjozNCwiaXNzIjoiNDA55a6_6IiN55qE57K-6Ie055qE57u85ZCI6aG555uuIiwiZXhwIjoxNzExMDk5OTQ2LCJpYXQiOjE3MTEwMTM1NDZ9.RzsVYY-Fg_-sX7ol4Jy-kj1ZxDR9ljilhiAeQxByJKY
2024/03/21 17:32:50 authHeader: eyJhbGciOiJIUzI1NiIsInR5cCI6IkpXVCJ9.eyJ1c2VybmFtZSI6InVzZXIiLCJ1c2VyX2lkIjozNCwiaXNzIjoiNDA55a6_6IiN55qE57K-6Ie055qE57u85ZCI6aG555uuIiwiZXhwIjoxNzExMDk5OTQ2LCJpYXQiOjE3MTEwMTM1NDZ9.RzsVYY-Fg_-sX7ol4Jy-kj1ZxDR9ljilhiAeQxByJKY
2024/03/21 17:33:30 项目启动
2024/03/21 17:33:31 数据库连接成功
2024/03/21 17:33:40 authHeader: eyJhbGciOiJIUzI1NiIsInR5cCI6IkpXVCJ9.eyJ1c2VybmFtZSI6InVzZXIiLCJ1c2VyX2lkIjozNCwiaXNzIjoiNDA55a6_6IiN55qE57K-6Ie055qE57u85ZCI6aG555uuIiwiZXhwIjoxNzExMDk5OTQ2LCJpYXQiOjE3MTEwMTM1NDZ9.RzsVYY-Fg_-sX7ol4Jy-kj1ZxDR9ljilhiAeQxByJKY
2024/03/21 17:34:52 项目启动
2024/03/21 17:34:54 数据库连接成功
2024/03/21 17:34:57 authHeader: eyJhbGciOiJIUzI1NiIsInR5cCI6IkpXVCJ9.eyJ1c2VybmFtZSI6InVzZXIiLCJ1c2VyX2lkIjozNCwiaXNzIjoiNDA55a6_6IiN55qE57K-6Ie055qE57u85ZCI6aG555uuIiwiZXhwIjoxNzExMDk5OTQ2LCJpYXQiOjE3MTEwMTM1NDZ9.RzsVYY-Fg_-sX7ol4Jy-kj1ZxDR9ljilhiAeQxByJKY
2024/03/21 17:35:01 authHeader: eyJhbGciOiJIUzI1NiIsInR5cCI6IkpXVCJ9.eyJ1c2VybmFtZSI6InVzZXIiLCJ1c2VyX2lkIjozNCwiaXNzIjoiNDA55a6_6IiN55qE57K-6Ie055qE57u85ZCI6aG555uuIiwiZXhwIjoxNzExMDk5OTQ2LCJpYXQiOjE3MTEwMTM1NDZ9.RzsVYY-Fg_-sX7ol4Jy-kj1ZxDR9ljilhiAeQxByJKY
2024/03/21 17:35:02 authHeader: eyJhbGciOiJIUzI1NiIsInR5cCI6IkpXVCJ9.eyJ1c2VybmFtZSI6InVzZXIiLCJ1c2VyX2lkIjozNCwiaXNzIjoiNDA55a6_6IiN55qE57K-6Ie055qE57u85ZCI6aG555uuIiwiZXhwIjoxNzExMDk5OTQ2LCJpYXQiOjE3MTEwMTM1NDZ9.RzsVYY-Fg_-sX7ol4Jy-kj1ZxDR9ljilhiAeQxByJKY
2024/03/21 17:35:56 项目启动
2024/03/21 17:35:57 数据库连接成功
2024/03/21 17:36:00 authHeader: eyJhbGciOiJIUzI1NiIsInR5cCI6IkpXVCJ9.eyJ1c2VybmFtZSI6InVzZXIiLCJ1c2VyX2lkIjozNCwiaXNzIjoiNDA55a6_6IiN55qE57K-6Ie055qE57u85ZCI6aG555uuIiwiZXhwIjoxNzExMDk5OTQ2LCJpYXQiOjE3MTEwMTM1NDZ9.RzsVYY-Fg_-sX7ol4Jy-kj1ZxDR9ljilhiAeQxByJKY
2024/03/21 17:36:00 authHeader: eyJhbGciOiJIUzI1NiIsInR5cCI6IkpXVCJ9.eyJ1c2VybmFtZSI6InVzZXIiLCJ1c2VyX2lkIjozNCwiaXNzIjoiNDA55a6_6IiN55qE57K-6Ie055qE57u85ZCI6aG555uuIiwiZXhwIjoxNzExMDk5OTQ2LCJpYXQiOjE3MTEwMTM1NDZ9.RzsVYY-Fg_-sX7ol4Jy-kj1ZxDR9ljilhiAeQxByJKY
2024/03/21 17:36:01 authHeader: eyJhbGciOiJIUzI1NiIsInR5cCI6IkpXVCJ9.eyJ1c2VybmFtZSI6InVzZXIiLCJ1c2VyX2lkIjozNCwiaXNzIjoiNDA55a6_6IiN55qE57K-6Ie055qE57u85ZCI6aG555uuIiwiZXhwIjoxNzExMDk5OTQ2LCJpYXQiOjE3MTEwMTM1NDZ9.RzsVYY-Fg_-sX7ol4Jy-kj1ZxDR9ljilhiAeQxByJKY
2024/03/21 17:37:46 项目启动
2024/03/21 17:37:47 数据库连接成功
2024/03/21 17:37:51 authHeader: eyJhbGciOiJIUzI1NiIsInR5cCI6IkpXVCJ9.eyJ1c2VybmFtZSI6InVzZXIiLCJ1c2VyX2lkIjozNCwiaXNzIjoiNDA55a6_6IiN55qE57K-6Ie055qE57u85ZCI6aG555uuIiwiZXhwIjoxNzExMDk5OTQ2LCJpYXQiOjE3MTEwMTM1NDZ9.RzsVYY-Fg_-sX7ol4Jy-kj1ZxDR9ljilhiAeQxByJKY
2024/03/21 17:40:03 项目启动
2024/03/21 17:40:06 数据库连接成功
2024/03/21 17:40:11 authHeader: eyJhbGciOiJIUzI1NiIsInR5cCI6IkpXVCJ9.eyJ1c2VybmFtZSI6InVzZXIiLCJ1c2VyX2lkIjozNCwiaXNzIjoiNDA55a6_6IiN55qE57K-6Ie055qE57u85ZCI6aG555uuIiwiZXhwIjoxNzExMDk5OTQ2LCJpYXQiOjE3MTEwMTM1NDZ9.RzsVYY-Fg_-sX7ol4Jy-kj1ZxDR9ljilhiAeQxByJKY
2024/03/21 17:40:14 authHeader: eyJhbGciOiJIUzI1NiIsInR5cCI6IkpXVCJ9.eyJ1c2VybmFtZSI6InVzZXIiLCJ1c2VyX2lkIjozNCwiaXNzIjoiNDA55a6_6IiN55qE57K-6Ie055qE57u85ZCI6aG555uuIiwiZXhwIjoxNzExMDk5OTQ2LCJpYXQiOjE3MTEwMTM1NDZ9.RzsVYY-Fg_-sX7ol4Jy-kj1ZxDR9ljilhiAeQxByJKY
2024/03/21 17:43:08 项目启动
2024/03/21 17:43:10 数据库连接成功
2024/03/21 17:43:15 authHeader: eyJhbGciOiJIUzI1NiIsInR5cCI6IkpXVCJ9.eyJ1c2VybmFtZSI6InVzZXIiLCJ1c2VyX2lkIjozNCwiaXNzIjoiNDA55a6_6IiN55qE57K-6Ie055qE57u85ZCI6aG555uuIiwiZXhwIjoxNzExMDk5OTQ2LCJpYXQiOjE3MTEwMTM1NDZ9.RzsVYY-Fg_-sX7ol4Jy-kj1ZxDR9ljilhiAeQxByJKY
2024/03/21 17:43:19 authHeader: eyJhbGciOiJIUzI1NiIsInR5cCI6IkpXVCJ9.eyJ1c2VybmFtZSI6InVzZXIiLCJ1c2VyX2lkIjozNCwiaXNzIjoiNDA55a6_6IiN55qE57K-6Ie055qE57u85ZCI6aG555uuIiwiZXhwIjoxNzExMDk5OTQ2LCJpYXQiOjE3MTEwMTM1NDZ9.RzsVYY-Fg_-sX7ol4Jy-kj1ZxDR9ljilhiAeQxByJKY
2024/03/21 17:44:02 authHeader: eyJhbGciOiJIUzI1NiIsInR5cCI6IkpXVCJ9.eyJ1c2VybmFtZSI6InVzZXIiLCJ1c2VyX2lkIjozNCwiaXNzIjoiNDA55a6_6IiN55qE57K-6Ie055qE57u85ZCI6aG555uuIiwiZXhwIjoxNzExMDk5OTQ2LCJpYXQiOjE3MTEwMTM1NDZ9.RzsVYY-Fg_-sX7ol4Jy-kj1ZxDR9ljilhiAeQxByJKY
2024/03/21 17:44:44 项目启动
2024/03/21 17:44:46 数据库连接成功
2024/03/21 17:44:50 authHeader: eyJhbGciOiJIUzI1NiIsInR5cCI6IkpXVCJ9.eyJ1c2VybmFtZSI6InVzZXIiLCJ1c2VyX2lkIjozNCwiaXNzIjoiNDA55a6_6IiN55qE57K-6Ie055qE57u85ZCI6aG555uuIiwiZXhwIjoxNzExMDk5OTQ2LCJpYXQiOjE3MTEwMTM1NDZ9.RzsVYY-Fg_-sX7ol4Jy-kj1ZxDR9ljilhiAeQxByJKY
2024/03/21 17:46:16 项目启动
2024/03/21 17:46:17 数据库连接成功
2024/03/21 17:46:24 authHeader: eyJhbGciOiJIUzI1NiIsInR5cCI6IkpXVCJ9.eyJ1c2VybmFtZSI6InVzZXIiLCJ1c2VyX2lkIjozNCwiaXNzIjoiNDA55a6_6IiN55qE57K-6Ie055qE57u85ZCI6aG555uuIiwiZXhwIjoxNzExMDk5OTQ2LCJpYXQiOjE3MTEwMTM1NDZ9.RzsVYY-Fg_-sX7ol4Jy-kj1ZxDR9ljilhiAeQxByJKY
2024/03/21 17:47:36 项目启动
2024/03/21 17:47:38 数据库连接成功
2024/03/21 17:47:40 authHeader: eyJhbGciOiJIUzI1NiIsInR5cCI6IkpXVCJ9.eyJ1c2VybmFtZSI6InVzZXIiLCJ1c2VyX2lkIjozNCwiaXNzIjoiNDA55a6_6IiN55qE57K-6Ie055qE57u85ZCI6aG555uuIiwiZXhwIjoxNzExMDk5OTQ2LCJpYXQiOjE3MTEwMTM1NDZ9.RzsVYY-Fg_-sX7ol4Jy-kj1ZxDR9ljilhiAeQxByJKY
2024/03/21 17:48:50 项目启动
2024/03/21 17:48:52 数据库连接成功
2024/03/21 17:49:00 authHeader: eyJhbGciOiJIUzI1NiIsInR5cCI6IkpXVCJ9.eyJ1c2VybmFtZSI6InVzZXIiLCJ1c2VyX2lkIjozNCwiaXNzIjoiNDA55a6_6IiN55qE57K-6Ie055qE57u85ZCI6aG555uuIiwiZXhwIjoxNzExMDk5OTQ2LCJpYXQiOjE3MTEwMTM1NDZ9.RzsVYY-Fg_-sX7ol4Jy-kj1ZxDR9ljilhiAeQxByJKY
2024/03/21 17:50:15 项目启动
2024/03/21 17:50:16 数据库连接成功
2024/03/21 17:50:19 authHeader: eyJhbGciOiJIUzI1NiIsInR5cCI6IkpXVCJ9.eyJ1c2VybmFtZSI6InVzZXIiLCJ1c2VyX2lkIjozNCwiaXNzIjoiNDA55a6_6IiN55qE57K-6Ie055qE57u85ZCI6aG555uuIiwiZXhwIjoxNzExMDk5OTQ2LCJpYXQiOjE3MTEwMTM1NDZ9.RzsVYY-Fg_-sX7ol4Jy-kj1ZxDR9ljilhiAeQxByJKY
2024/03/21 17:50:25 authHeader: eyJhbGciOiJIUzI1NiIsInR5cCI6IkpXVCJ9.eyJ1c2VybmFtZSI6InVzZXIiLCJ1c2VyX2lkIjozNCwiaXNzIjoiNDA55a6_6IiN55qE57K-6Ie055qE57u85ZCI6aG555uuIiwiZXhwIjoxNzExMDk5OTQ2LCJpYXQiOjE3MTEwMTM1NDZ9.RzsVYY-Fg_-sX7ol4Jy-kj1ZxDR9ljilhiAeQxByJKY
2024/03/21 17:50:28 authHeader: eyJhbGciOiJIUzI1NiIsInR5cCI6IkpXVCJ9.eyJ1c2VybmFtZSI6InVzZXIiLCJ1c2VyX2lkIjozNCwiaXNzIjoiNDA55a6_6IiN55qE57K-6Ie055qE57u85ZCI6aG555uuIiwiZXhwIjoxNzExMDk5OTQ2LCJpYXQiOjE3MTEwMTM1NDZ9.RzsVYY-Fg_-sX7ol4Jy-kj1ZxDR9ljilhiAeQxByJKY
2024/03/21 17:50:32 authHeader: eyJhbGciOiJIUzI1NiIsInR5cCI6IkpXVCJ9.eyJ1c2VybmFtZSI6InVzZXIiLCJ1c2VyX2lkIjozNCwiaXNzIjoiNDA55a6_6IiN55qE57K-6Ie055qE57u85ZCI6aG555uuIiwiZXhwIjoxNzExMDk5OTQ2LCJpYXQiOjE3MTEwMTM1NDZ9.RzsVYY-Fg_-sX7ol4Jy-kj1ZxDR9ljilhiAeQxByJKY
